<?xml version="1.0" encoding="utf-8" standalone="yes"?><Layout layout="test" modulePackage="notq.dccast" absoluteFilePath="/Volumes/Data/Oogway/workspace/live_android/dccast-master/app/src/main/res/layout/test.xml" directory="layout" isMerge="false"><Targets><Target tag="layout/test_0" view="androidx.coordinatorlayout.widget.CoordinatorLayout"><Expressions/><location startLine="5" startOffset="2" endLine="191" endOffset="55"/></Target><Target tag="binding_1" view="LinearLayout"><Expressions/><location startLine="21" startOffset="8" endLine="105" endOffset="22"/></Target><Target id="@+id/header" tag="binding_1" include="layout_back_header"><Expressions/><location startLine="26" startOffset="10" endLine="28" endOffset="50"/></Target><Target id="@+id/et_search" view="EditText"><Expressions/><location startLine="54" startOffset="14" endLine="61" endOffset="73"/></Target><Target id="@+id/layout_sort" view="LinearLayout"><Expressions/><location startLine="65" startOffset="12" endLine="101" endOffset="26"/></Target><Target id="@+id/lbl_sort_value" view="TextView"><Expressions/><location startLine="84" startOffset="14" endLine="91" endOffset="63"/></Target><Target id="@+id/refresher" view="androidx.swiperefreshlayout.widget.SwipeRefreshLayout"><Expressions/><location startLine="109" startOffset="6" endLine="169" endOffset="61"/></Target><Target id="@+id/recyclerView" view="androidx.recyclerview.widget.RecyclerView"><Expressions/><location startLine="122" startOffset="10" endLine="126" endOffset="60"/></Target><Target id="@+id/layout_no_data" view="LinearLayout"><Expressions/><location startLine="128" startOffset="10" endLine="156" endOffset="24"/></Target><Target id="@+id/no_data" view="TextView"><Expressions/><location startLine="146" startOffset="12" endLine="154" endOffset="13"/></Target><Target id="@+id/dc_loader" view="com.airbnb.lottie.LottieAnimationView"><Expressions/><location startLine="158" startOffset="10" endLine="166" endOffset="37"/></Target><Target id="@+id/dim" view="View"><Expressions/><location startLine="173" startOffset="4" endLine="179" endOffset="5"/></Target><Target id="@+id/bottom_sheet" view="FrameLayout"><Expressions/><location startLine="181" startOffset="4" endLine="189" endOffset="5"/></Target></Targets></Layout>